[Log]
[10:18:30.966]
ALL
1.5388
Log
Awake, Line: 15; File /Users/jeanfabre/Documents/work/Unity/PlayMaker/Ecosystem/Repositories/UnityLearn Projects/PlayMaker--UnityLearn--Network Game Lobby (beta) uNet_U5_3/Assets/Sonagi Debug Watcher Console/Example/Script/LogTest.cs

[Log]
[10:18:30.976]
ALL
PowerupCount 23
Log
Awake, Line: 16; File /Users/jeanfabre/Documents/work/Unity/PlayMaker/Ecosystem/Repositories/UnityLearn Projects/PlayMaker--UnityLearn--Network Game Lobby (beta) uNet_U5_3/Assets/Sonagi Debug Watcher Console/Example/Script/LogTest.cs

[Log]
[10:18:30.976]
LogTest1
Test 1324567980123456789
Log
Awake, Line: 19; File /Users/jeanfabre/Documents/work/Unity/PlayMaker/Ecosystem/Repositories/UnityLearn Projects/PlayMaker--UnityLearn--Network Game Lobby (beta) uNet_U5_3/Assets/Sonagi Debug Watcher Console/Example/Script/LogTest.cs

[Log]
[10:18:30.976]
LogTest2
test
Log
Awake, Line: 20; File /Users/jeanfabre/Documents/work/Unity/PlayMaker/Ecosystem/Repositories/UnityLearn Projects/PlayMaker--UnityLearn--Network Game Lobby (beta) uNet_U5_3/Assets/Sonagi Debug Watcher Console/Example/Script/LogTest.cs

[Log]
[10:18:30.977]
LogTest2
PowerupCount 23
Log
Awake, Line: 21; File /Users/jeanfabre/Documents/work/Unity/PlayMaker/Ecosystem/Repositories/UnityLearn Projects/PlayMaker--UnityLearn--Network Game Lobby (beta) uNet_U5_3/Assets/Sonagi Debug Watcher Console/Example/Script/LogTest.cs

[Log]
[10:18:30.977]
LogTest3
test
Warning
Awake, Line: 24; File /Users/jeanfabre/Documents/work/Unity/PlayMaker/Ecosystem/Repositories/UnityLearn Projects/PlayMaker--UnityLearn--Network Game Lobby (beta) uNet_U5_3/Assets/Sonagi Debug Watcher Console/Example/Script/LogTest.cs

[Log]
[10:18:30.977]
LogTest4
Hello 
Error
Awake, Line: 27; File /Users/jeanfabre/Documents/work/Unity/PlayMaker/Ecosystem/Repositories/UnityLearn Projects/PlayMaker--UnityLearn--Network Game Lobby (beta) uNet_U5_3/Assets/Sonagi Debug Watcher Console/Example/Script/LogTest.cs

[Log]
[10:18:30.978]
ALL
1.5388
Log
Awake, Line: 15; File /Users/jeanfabre/Documents/work/Unity/PlayMaker/Ecosystem/Repositories/UnityLearn Projects/PlayMaker--UnityLearn--Network Game Lobby (beta) uNet_U5_3/Assets/Sonagi Debug Watcher Console/Example/Script/LogTest.cs

[Log]
[10:18:30.978]
ALL
PowerupCount 23
Log
Awake, Line: 16; File /Users/jeanfabre/Documents/work/Unity/PlayMaker/Ecosystem/Repositories/UnityLearn Projects/PlayMaker--UnityLearn--Network Game Lobby (beta) uNet_U5_3/Assets/Sonagi Debug Watcher Console/Example/Script/LogTest.cs

[Log]
[10:18:30.978]
LogTest1
Test 1324567980123456789
Log
Awake, Line: 19; File /Users/jeanfabre/Documents/work/Unity/PlayMaker/Ecosystem/Repositories/UnityLearn Projects/PlayMaker--UnityLearn--Network Game Lobby (beta) uNet_U5_3/Assets/Sonagi Debug Watcher Console/Example/Script/LogTest.cs

[Log]
[10:18:30.978]
LogTest2
test
Log
Awake, Line: 20; File /Users/jeanfabre/Documents/work/Unity/PlayMaker/Ecosystem/Repositories/UnityLearn Projects/PlayMaker--UnityLearn--Network Game Lobby (beta) uNet_U5_3/Assets/Sonagi Debug Watcher Console/Example/Script/LogTest.cs

[Log]
[10:18:30.979]
LogTest2
PowerupCount 23
Log
Awake, Line: 21; File /Users/jeanfabre/Documents/work/Unity/PlayMaker/Ecosystem/Repositories/UnityLearn Projects/PlayMaker--UnityLearn--Network Game Lobby (beta) uNet_U5_3/Assets/Sonagi Debug Watcher Console/Example/Script/LogTest.cs

[Log]
[10:18:30.979]
LogTest3
test
Warning
Awake, Line: 24; File /Users/jeanfabre/Documents/work/Unity/PlayMaker/Ecosystem/Repositories/UnityLearn Projects/PlayMaker--UnityLearn--Network Game Lobby (beta) uNet_U5_3/Assets/Sonagi Debug Watcher Console/Example/Script/LogTest.cs

[Log]
[10:18:30.979]
LogTest4
Hello 
Error
Awake, Line: 27; File /Users/jeanfabre/Documents/work/Unity/PlayMaker/Ecosystem/Repositories/UnityLearn Projects/PlayMaker--UnityLearn--Network Game Lobby (beta) uNet_U5_3/Assets/Sonagi Debug Watcher Console/Example/Script/LogTest.cs

[Log]
[10:18:30.979]
ALL
1.5388
Log
Awake, Line: 15; File /Users/jeanfabre/Documents/work/Unity/PlayMaker/Ecosystem/Repositories/UnityLearn Projects/PlayMaker--UnityLearn--Network Game Lobby (beta) uNet_U5_3/Assets/Sonagi Debug Watcher Console/Example/Script/LogTest.cs

[Log]
[10:18:30.980]
ALL
PowerupCount 23
Log
Awake, Line: 16; File /Users/jeanfabre/Documents/work/Unity/PlayMaker/Ecosystem/Repositories/UnityLearn Projects/PlayMaker--UnityLearn--Network Game Lobby (beta) uNet_U5_3/Assets/Sonagi Debug Watcher Console/Example/Script/LogTest.cs

[Log]
[10:18:30.980]
LogTest1
Test 1324567980123456789
Log
Awake, Line: 19; File /Users/jeanfabre/Documents/work/Unity/PlayMaker/Ecosystem/Repositories/UnityLearn Projects/PlayMaker--UnityLearn--Network Game Lobby (beta) uNet_U5_3/Assets/Sonagi Debug Watcher Console/Example/Script/LogTest.cs

[Log]
[10:18:30.980]
LogTest2
test
Log
Awake, Line: 20; File /Users/jeanfabre/Documents/work/Unity/PlayMaker/Ecosystem/Repositories/UnityLearn Projects/PlayMaker--UnityLearn--Network Game Lobby (beta) uNet_U5_3/Assets/Sonagi Debug Watcher Console/Example/Script/LogTest.cs

[Log]
[10:18:30.980]
LogTest2
PowerupCount 23
Log
Awake, Line: 21; File /Users/jeanfabre/Documents/work/Unity/PlayMaker/Ecosystem/Repositories/UnityLearn Projects/PlayMaker--UnityLearn--Network Game Lobby (beta) uNet_U5_3/Assets/Sonagi Debug Watcher Console/Example/Script/LogTest.cs

[Log]
[10:18:30.980]
LogTest3
test
Warning
Awake, Line: 24; File /Users/jeanfabre/Documents/work/Unity/PlayMaker/Ecosystem/Repositories/UnityLearn Projects/PlayMaker--UnityLearn--Network Game Lobby (beta) uNet_U5_3/Assets/Sonagi Debug Watcher Console/Example/Script/LogTest.cs

[Log]
[10:18:30.981]
LogTest4
Hello 
Error
Awake, Line: 27; File /Users/jeanfabre/Documents/work/Unity/PlayMaker/Ecosystem/Repositories/UnityLearn Projects/PlayMaker--UnityLearn--Network Game Lobby (beta) uNet_U5_3/Assets/Sonagi Debug Watcher Console/Example/Script/LogTest.cs

[Log]
[10:18:30.981]
ALL
1.5388
Log
Awake, Line: 15; File /Users/jeanfabre/Documents/work/Unity/PlayMaker/Ecosystem/Repositories/UnityLearn Projects/PlayMaker--UnityLearn--Network Game Lobby (beta) uNet_U5_3/Assets/Sonagi Debug Watcher Console/Example/Script/LogTest.cs

[Log]
[10:18:30.981]
ALL
PowerupCount 23
Log
Awake, Line: 16; File /Users/jeanfabre/Documents/work/Unity/PlayMaker/Ecosystem/Repositories/UnityLearn Projects/PlayMaker--UnityLearn--Network Game Lobby (beta) uNet_U5_3/Assets/Sonagi Debug Watcher Console/Example/Script/LogTest.cs

[Log]
[10:18:30.981]
LogTest1
Test 1324567980123456789
Log
Awake, Line: 19; File /Users/jeanfabre/Documents/work/Unity/PlayMaker/Ecosystem/Repositories/UnityLearn Projects/PlayMaker--UnityLearn--Network Game Lobby (beta) uNet_U5_3/Assets/Sonagi Debug Watcher Console/Example/Script/LogTest.cs

[Log]
[10:18:30.982]
LogTest2
test
Log
Awake, Line: 20; File /Users/jeanfabre/Documents/work/Unity/PlayMaker/Ecosystem/Repositories/UnityLearn Projects/PlayMaker--UnityLearn--Network Game Lobby (beta) uNet_U5_3/Assets/Sonagi Debug Watcher Console/Example/Script/LogTest.cs

[Log]
[10:18:30.982]
LogTest2
PowerupCount 23
Log
Awake, Line: 21; File /Users/jeanfabre/Documents/work/Unity/PlayMaker/Ecosystem/Repositories/UnityLearn Projects/PlayMaker--UnityLearn--Network Game Lobby (beta) uNet_U5_3/Assets/Sonagi Debug Watcher Console/Example/Script/LogTest.cs

[Log]
[10:18:30.982]
LogTest3
test
Warning
Awake, Line: 24; File /Users/jeanfabre/Documents/work/Unity/PlayMaker/Ecosystem/Repositories/UnityLearn Projects/PlayMaker--UnityLearn--Network Game Lobby (beta) uNet_U5_3/Assets/Sonagi Debug Watcher Console/Example/Script/LogTest.cs

[Log]
[10:18:30.994]
LogTest4
Hello 
Error
Awake, Line: 27; File /Users/jeanfabre/Documents/work/Unity/PlayMaker/Ecosystem/Repositories/UnityLearn Projects/PlayMaker--UnityLearn--Network Game Lobby (beta) uNet_U5_3/Assets/Sonagi Debug Watcher Console/Example/Script/LogTest.cs

[Log]
[10:18:30.994]
ALL
1.5388
Log
Awake, Line: 15; File /Users/jeanfabre/Documents/work/Unity/PlayMaker/Ecosystem/Repositories/UnityLearn Projects/PlayMaker--UnityLearn--Network Game Lobby (beta) uNet_U5_3/Assets/Sonagi Debug Watcher Console/Example/Script/LogTest.cs

[Log]
[10:18:30.995]
ALL
PowerupCount 23
Log
Awake, Line: 16; File /Users/jeanfabre/Documents/work/Unity/PlayMaker/Ecosystem/Repositories/UnityLearn Projects/PlayMaker--UnityLearn--Network Game Lobby (beta) uNet_U5_3/Assets/Sonagi Debug Watcher Console/Example/Script/LogTest.cs

[Log]
[10:18:30.995]
LogTest1
Test 1324567980123456789
Log
Awake, Line: 19; File /Users/jeanfabre/Documents/work/Unity/PlayMaker/Ecosystem/Repositories/UnityLearn Projects/PlayMaker--UnityLearn--Network Game Lobby (beta) uNet_U5_3/Assets/Sonagi Debug Watcher Console/Example/Script/LogTest.cs

[Log]
[10:18:30.995]
LogTest2
test
Log
Awake, Line: 20; File /Users/jeanfabre/Documents/work/Unity/PlayMaker/Ecosystem/Repositories/UnityLearn Projects/PlayMaker--UnityLearn--Network Game Lobby (beta) uNet_U5_3/Assets/Sonagi Debug Watcher Console/Example/Script/LogTest.cs

[Log]
[10:18:30.995]
LogTest2
PowerupCount 23
Log
Awake, Line: 21; File /Users/jeanfabre/Documents/work/Unity/PlayMaker/Ecosystem/Repositories/UnityLearn Projects/PlayMaker--UnityLearn--Network Game Lobby (beta) uNet_U5_3/Assets/Sonagi Debug Watcher Console/Example/Script/LogTest.cs

[Log]
[10:18:30.996]
LogTest3
test
Warning
Awake, Line: 24; File /Users/jeanfabre/Documents/work/Unity/PlayMaker/Ecosystem/Repositories/UnityLearn Projects/PlayMaker--UnityLearn--Network Game Lobby (beta) uNet_U5_3/Assets/Sonagi Debug Watcher Console/Example/Script/LogTest.cs

[Log]
[10:18:30.996]
LogTest4
Hello 
Error
Awake, Line: 27; File /Users/jeanfabre/Documents/work/Unity/PlayMaker/Ecosystem/Repositories/UnityLearn Projects/PlayMaker--UnityLearn--Network Game Lobby (beta) uNet_U5_3/Assets/Sonagi Debug Watcher Console/Example/Script/LogTest.cs

[Log]
[10:18:30.996]
ALL
1.5388
Log
Awake, Line: 15; File /Users/jeanfabre/Documents/work/Unity/PlayMaker/Ecosystem/Repositories/UnityLearn Projects/PlayMaker--UnityLearn--Network Game Lobby (beta) uNet_U5_3/Assets/Sonagi Debug Watcher Console/Example/Script/LogTest.cs

[Log]
[10:18:30.996]
ALL
PowerupCount 23
Log
Awake, Line: 16; File /Users/jeanfabre/Documents/work/Unity/PlayMaker/Ecosystem/Repositories/UnityLearn Projects/PlayMaker--UnityLearn--Network Game Lobby (beta) uNet_U5_3/Assets/Sonagi Debug Watcher Console/Example/Script/LogTest.cs

[Log]
[10:18:30.996]
LogTest1
Test 1324567980123456789
Log
Awake, Line: 19; File /Users/jeanfabre/Documents/work/Unity/PlayMaker/Ecosystem/Repositories/UnityLearn Projects/PlayMaker--UnityLearn--Network Game Lobby (beta) uNet_U5_3/Assets/Sonagi Debug Watcher Console/Example/Script/LogTest.cs

[Log]
[10:18:30.997]
LogTest2
test
Log
Awake, Line: 20; File /Users/jeanfabre/Documents/work/Unity/PlayMaker/Ecosystem/Repositories/UnityLearn Projects/PlayMaker--UnityLearn--Network Game Lobby (beta) uNet_U5_3/Assets/Sonagi Debug Watcher Console/Example/Script/LogTest.cs

[Log]
[10:18:30.997]
LogTest2
PowerupCount 23
Log
Awake, Line: 21; File /Users/jeanfabre/Documents/work/Unity/PlayMaker/Ecosystem/Repositories/UnityLearn Projects/PlayMaker--UnityLearn--Network Game Lobby (beta) uNet_U5_3/Assets/Sonagi Debug Watcher Console/Example/Script/LogTest.cs

[Log]
[10:18:30.997]
LogTest3
test
Warning
Awake, Line: 24; File /Users/jeanfabre/Documents/work/Unity/PlayMaker/Ecosystem/Repositories/UnityLearn Projects/PlayMaker--UnityLearn--Network Game Lobby (beta) uNet_U5_3/Assets/Sonagi Debug Watcher Console/Example/Script/LogTest.cs

[Log]
[10:18:30.997]
LogTest4
Hello 
Error
Awake, Line: 27; File /Users/jeanfabre/Documents/work/Unity/PlayMaker/Ecosystem/Repositories/UnityLearn Projects/PlayMaker--UnityLearn--Network Game Lobby (beta) uNet_U5_3/Assets/Sonagi Debug Watcher Console/Example/Script/LogTest.cs

